<?xml version="1.0" encoding="UTF-8"?>
<!DOCTYPE beans PUBLIC "-//SPRING//DTD BEAN//EN"
    "http://www.springframework.org/dtd/spring-beans.dtd">

<beans>
   <bean id="transactionManager" class="org.springframework.orm.hibernate3.HibernateTransactionManager">
      <property name="sessionFactory"><ref bean="sessionFactory"/></property>
      <property name="entityInterceptor"><ref bean="entityInterceptor"/></property>
   </bean>
</beans>
